2024-10-14 07:01:47 +0000 [MT] Initial pipeline context: <IDEDistributionProcessingPipelineContext: 0x7fcd93858750; archive(resolved)="<IDEArchive: 0x6000028781e0>", distributionTask(resolved)="2", distributionDestination(resolved)="1", distributionMethod(resolved)="<IDEDistributionMethodiOSAppStoreDistribution: 0x600000ebb880>", team(resolved)="<IDEProvisioningBasicTeam: 0x600000d834a0; teamID='F4E4V7ZGJJ', teamName='(null)'>">
	Chain (16, self inclusive):
	<IDEDistributionProcessingPipelineContext: 0x7fcd93858750; archive = "<IDEArchive: 0x6000028781e0>", distributionMethod="<IDEDistributionMethodiOSAppStoreDistribution: 0x600000ebb880>", team="<IDEProvisioningBasicTeam: 0x600000d834a0; teamID='F4E4V7ZGJJ', teamName='(null)'>">
	<IDEDistributionProcessingPipelineContext: 0x7fcd9385a6c0; archive = "<IDEArchive: 0x6000028781e0>", distributionMethod="<IDEDistributionMethodiOSAppStoreDistribution: 0x600000ebb880>", team="<IDEProvisioningBasicTeam: 0x600000d834a0; teamID='F4E4V7ZGJJ', teamName='(null)'>">
	<IDEDistributionContext: 0x7fcd93859720; archive = "<IDEArchive: 0x6000028781e0>", distributionMethod="<IDEDistributionMethodiOSAppStoreDistribution: 0x600000ebb880>", team="<IDEProvisioningBasicTeam: 0x600000d834a0; teamID='F4E4V7ZGJJ', teamName='(null)'>">
	<IDEDistributionContext: 0x7fcd939b7c60; archive = "<IDEArchive: 0x6000028781e0>", distributionMethod="<IDEDistributionMethodiOSAppStoreDistribution: 0x600000ebb880>", team="<IDEProvisioningBasicTeam: 0x600000d834a0; teamID='F4E4V7ZGJJ', teamName='(null)'>">
	<IDEDistributionContext: 0x7fcd939b7a30; archive = "<IDEArchive: 0x6000028781e0>", distributionMethod="<IDEDistributionMethodiOSAppStoreDistribution: 0x600000ebb880>", team="<IDEProvisioningBasicTeam: 0x600000d834a0; teamID='F4E4V7ZGJJ', teamName='(null)'>">
	<IDEDistributionContext: 0x7fcd93856fd0; archive = "<IDEArchive: 0x6000028781e0>", distributionMethod="<IDEDistributionMethodiOSAppStoreDistribution: 0x600000ebb880>", team="<IDEProvisioningBasicTeam: 0x600000d834a0; teamID='F4E4V7ZGJJ', teamName='(null)'>">
	<IDEDistributionContext: 0x7fcd9383d840; archive = "<IDEArchive: 0x6000028781e0>", distributionMethod="<IDEDistributionMethodiOSAppStoreDistribution: 0x600000ebb880>", team="<IDEProvisioningBasicTeam: 0x600000d834a0; teamID='F4E4V7ZGJJ', teamName='(null)'>">
	<IDEDistributionContext: 0x7fcd939b5f10; archive = "<IDEArchive: 0x6000028781e0>", distributionMethod="<IDEDistributionMethodiOSAppStoreDistribution: 0x600000ebb880>", team="<IDEProvisioningBasicTeam: 0x600000d834a0; teamID='F4E4V7ZGJJ', teamName='(null)'>">
	<IDEDistributionContext: 0x7fcd939b1550; archive = "<IDEArchive: 0x6000028781e0>", distributionMethod="<IDEDistributionMethodiOSAppStoreDistribution: 0x600000ebb880>", team="<IDEProvisioningBasicTeam: 0x600000d834a0; teamID='F4E4V7ZGJJ', teamName='(null)'>">
	<IDEDistributionContext: 0x7fcd939b5850; archive = "<IDEArchive: 0x6000028781e0>", distributionMethod="<IDEDistributionMethodiOSAppStoreDistribution: 0x600000ebb880>", team="<IDEProvisioningBasicTeam: 0x600000d834a0; teamID='F4E4V7ZGJJ', teamName='(null)'>">
	<IDEDistributionContext: 0x7fcd93844150; archive = "<IDEArchive: 0x6000028781e0>", distributionMethod="<IDEDistributionMethodiOSAppStoreDistribution: 0x600000ebb880>", team="<IDEProvisioningBasicTeam: 0x600000d834a0; teamID='F4E4V7ZGJJ', teamName='(null)'>">
	<IDEDistributionContext: 0x7fcd93d48350; archive = "<IDEArchive: 0x6000028781e0>", distributionMethod="<IDEDistributionMethodiOSAppStoreDistribution: 0x600000ebb880>", team="<IDEProvisioningBasicTeam: 0x600000d834a0; teamID='F4E4V7ZGJJ', teamName='(null)'>">
	<IDEDistributionContext: 0x7fcd93d5a1f0; archive = "<IDEArchive: 0x6000028781e0>", distributionMethod="<IDEDistributionMethodiOSAppStoreDistribution: 0x600000ebb880>", team="<IDEProvisioningBasicTeam: 0x600000d834a0; teamID='F4E4V7ZGJJ', teamName='(null)'>">
	<IDEDistributionContext: 0x7fcd9274e010; archive = "<IDEArchive: 0x6000028781e0>", distributionMethod="<IDEDistributionMethodiOSAppStoreDistribution: 0x600000ebb880>", team="(null)">
	<IDEDistributionContext: 0x7fcd93c41f80; archive = "<IDEArchive: 0x6000028781e0>", distributionMethod="<IDEDistributionMethodiOSAppStoreDistribution: 0x600000ebb880>", team="(null)">
	<IDEDistributionContext: 0x7fcd93e04080; archive = "<IDEArchive: 0x6000028781e0>", distributionMethod="(null)", team="(null)">
</IDEDistributionProcessingPipelineContext: 0x7fcd93858750>
2024-10-14 07:01:47 +0000 [MT] Processing step: IDEDistributionCreateDestRootStep
2024-10-14 07:01:47 +0000 [MT] Processing step: IDEDistributionCopyItemStep
2024-10-14 07:01:47 +0000 [MT] Running /usr/bin/ditto '-V' '/Users/kaplan/Desktop/Github Actions/ktp.usurp.ios/ktp.usurp.ios/build/ppi.xcarchive/Products/Applications/ppi.app' '/var/folders/pw/f4rky8417rg0fysxv6gp7x700000gq/T/XcodeDistPipeline.~~~P0UxNL/Root/Payload/ppi.app'
2024-10-14 07:01:47 +0000  >>> Copying /Users/kaplan/Desktop/Github Actions/ktp.usurp.ios/ktp.usurp.ios/build/ppi.xcarchive/Products/Applications/ppi.app 
2024-10-14 07:01:47 +0000  copying file ./_CodeSignature/CodeResources ... 
2024-10-14 07:01:47 +0000  3895 bytes for ./_CodeSignature/CodeResources
2024-10-14 07:01:47 +0000  copying file ./Base.lproj/Main.storyboardc/UIViewController-BYZ-38-t0r.nib ... 
2024-10-14 07:01:47 +0000  954 bytes for ./Base.lproj/Main.storyboardc/UIViewController-BYZ-38-t0r.nib
2024-10-14 07:01:47 +0000  copying file ./Base.lproj/Main.storyboardc/BYZ-38-t0r-view-8bC-Xf-vdC.nib ... 
2024-10-14 07:01:47 +0000  1225 bytes for ./Base.lproj/Main.storyboardc/BYZ-38-t0r-view-8bC-Xf-vdC.nib
2024-10-14 07:01:47 +0000  copying file ./Base.lproj/Main.storyboardc/Info.plist ... 
2024-10-14 07:01:47 +0000  258 bytes for ./Base.lproj/Main.storyboardc/Info.plist
2024-10-14 07:01:47 +0000  copying file ./Base.lproj/LaunchScreen.storyboardc/01J-lp-oVM-view-Ze5-6b-2t3.nib ... 
2024-10-14 07:01:47 +0000  1225 bytes for ./Base.lproj/LaunchScreen.storyboardc/01J-lp-oVM-view-Ze5-6b-2t3.nib
2024-10-14 07:01:47 +0000  copying file ./Base.lproj/LaunchScreen.storyboardc/UIViewController-01J-lp-oVM.nib ... 
2024-10-14 07:01:47 +0000  924 bytes for ./Base.lproj/LaunchScreen.storyboardc/UIViewController-01J-lp-oVM.nib
2024-10-14 07:01:47 +0000  copying file ./Base.lproj/LaunchScreen.storyboardc/Info.plist ... 
2024-10-14 07:01:47 +0000  258 bytes for ./Base.lproj/LaunchScreen.storyboardc/Info.plist
2024-10-14 07:01:47 +0000  copying file ./ppi ... 
2024-10-14 07:01:47 +0000  89536 bytes for ./ppi
2024-10-14 07:01:47 +0000  copying file ./embedded.mobileprovision ... 
2024-10-14 07:01:47 +0000  29735 bytes for ./embedded.mobileprovision
2024-10-14 07:01:47 +0000  copying file ./Info.plist ... 
2024-10-14 07:01:47 +0000  1450 bytes for ./Info.plist
2024-10-14 07:01:47 +0000  copying file ./PkgInfo ... 
2024-10-14 07:01:47 +0000  8 bytes for ./PkgInfo
2024-10-14 07:01:47 +0000 [MT] /usr/bin/ditto exited with 0
2024-10-14 07:01:47 +0000 [MT] Processing step: IDEDistributionEmbedProfileStep
2024-10-14 07:01:47 +0000 [MT] Processing step: IDEDistributionInfoPlistStep
2024-10-14 07:01:47 +0000 [MT] Skipping setting DTXcodeBuildDistribution because toolsBuildVersionName was nil.
2024-10-14 07:01:47 +0000 [MT] Processing step: IDEDistributionItemRemovalStep
2024-10-14 07:01:47 +0000 [MT] Processing step: IDEDistributionAppThinningPlistStep
2024-10-14 07:01:47 +0000 [MT] Skipping step: IDEDistributionAppThinningPlistStep because it said so
2024-10-14 07:01:47 +0000 [MT] Processing step: IDEDistributionCompileBitcodeStep
2024-10-14 07:01:47 +0000 [MT] Skipping step: IDEDistributionCompileBitcodeStep because it said so
2024-10-14 07:01:47 +0000 [MT] Processing step: IDEDistributionCodeSlimmingStep
2024-10-14 07:01:47 +0000 [MT] Processing step: IDEDistributionCopyBCSymbolMapsStep
2024-10-14 07:01:47 +0000 [MT] Processing step: IDEDistributionSymbolsStep
2024-10-14 07:01:47 +0000 [MT] Processing symbols for ppi.app
2024-10-14 07:01:47 +0000 [MT] Running /usr/bin/rsync '-8aPhhE' '/var/folders/pw/f4rky8417rg0fysxv6gp7x700000gq/T/XcodeDistPipeline.~~~P0UxNL/Root/Payload/ppi.app' '--link-dest' '/var/folders/pw/f4rky8417rg0fysxv6gp7x700000gq/T/XcodeDistPipeline.~~~P0UxNL/Root/Payload' '/var/folders/pw/f4rky8417rg0fysxv6gp7x700000gq/T/XcodeDistPipeline.~~~P0UxNL'
2024-10-14 07:01:47 +0000  building file list ... 
2024-10-14 07:01:47 +0000   0 files...2024-10-14 07:01:47 +0000  16 files to consider
2024-10-14 07:01:47 +0000  ppi.app/
2024-10-14 07:01:47 +0000  ppi.app/Base.lproj/
ppi.app/Base.lproj/LaunchScreen.storyboardc/
ppi.app/Base.lproj/Main.storyboardc/
ppi.app/_CodeSignature/
2024-10-14 07:01:47 +0000  
sent 606 bytes  received 50 bytes  1.28K bytes/sec
total size is 109.25K  speedup is 170.54
2024-10-14 07:01:47 +0000 [MT] /usr/bin/rsync exited with 0
2024-10-14 07:01:47 +0000 [MT] Running /usr/bin/rsync '-8aPhhE' '/Users/kaplan/Desktop/Github Actions/ktp.usurp.ios/ktp.usurp.ios/build/ppi.xcarchive/dSYMs/' '--link-dest' '/Users/kaplan/Desktop/Github Actions/ktp.usurp.ios/ktp.usurp.ios/build/ppi.xcarchive/dSYMs/' '/var/folders/pw/f4rky8417rg0fysxv6gp7x700000gq/T/XcodeDistPipeline.~~~P0UxNL'
2024-10-14 07:01:47 +0000  building file list ... 
2024-10-14 07:01:47 +0000   0 files...2024-10-14 07:01:47 +0000  10 files to consider
2024-10-14 07:01:47 +0000  ./
2024-10-14 07:01:47 +0000  ppi.app.dSYM/
ppi.app.dSYM/Contents/
2024-10-14 07:01:47 +0000  ppi.app.dSYM/Contents/Resources/
ppi.app.dSYM/Contents/Resources/DWARF/
ppi.app.dSYM/Contents/Resources/Relocations/
ppi.app.dSYM/Contents/Resources/Relocations/aarch64/
2024-10-14 07:01:47 +0000  
2024-10-14 07:01:47 +0000  sent 306 bytes  received 62 bytes  736.00 bytes/sec
total size is 1.03M  speedup is 2947.24
2024-10-14 07:01:47 +0000 [MT] /usr/bin/rsync exited with 0
2024-10-14 07:01:47 +0000 [MT] Writing /var/folders/pw/f4rky8417rg0fysxv6gp7x700000gq/T/XcodeDistPipeline.~~~P0UxNL/Symbols/9466620B-1FD4-3C79-A362-655C2BDCE579.symbols
2024-10-14 07:01:47 +0000 [MT] Processing step: IDEDistributionCopyAppleProvidedContentStep
2024-10-14 07:01:47 +0000 [MT] Processing step: IDEDistributionAppThinningStep
2024-10-14 07:01:47 +0000 [MT] Skipping step: IDEDistributionAppThinningStep because it said so
2024-10-14 07:01:47 +0000 [MT] Processing step: IDEDistributionArchThinningStep
2024-10-14 07:01:47 +0000 [MT] Item /Users/kaplan/Desktop/Github Actions/ktp.usurp.ios/ktp.usurp.ios/build/ppi.xcarchive/Products/Applications/ppi.app doesn't have the entitlement com.apple.developer.web-browser-engine.host enabled, returning ["arm64e"]
2024-10-14 07:01:47 +0000 [MT] Archs to thin for item /Users/kaplan/Desktop/Github Actions/ktp.usurp.ios/ktp.usurp.ios/build/ppi.xcarchive/Products/Applications/ppi.app are ["arm64e"]
2024-10-14 07:01:47 +0000 [MT] Running /Applications/Xcode.app/Contents/Developer/Toolchains/XcodeDefault.xctoolchain/usr/bin/lipo '/var/folders/pw/f4rky8417rg0fysxv6gp7x700000gq/T/XcodeDistPipeline.~~~P0UxNL/Root/Payload/ppi.app/ppi' '-verify_arch' 'arm64e'
2024-10-14 07:01:47 +0000 [MT] /Applications/Xcode.app/Contents/Developer/Toolchains/XcodeDefault.xctoolchain/usr/bin/lipo exited with 1
2024-10-14 07:01:47 +0000 [MT] Skipping architecture thinning for item "ppi" because arch "arm64e" wasn't found
2024-10-14 07:01:47 +0000 [MT] Processing step: IDEDistributionODRStep
2024-10-14 07:01:47 +0000 [MT] Processing step: IDEDistributionStripXattrsStep
2024-10-14 07:01:47 +0000 [MT] Skipping stripping extended attributes because the codesign step will strip them.
2024-10-14 07:01:47 +0000 [MT] Processing step: IDEDistributionCodesignStep
2024-10-14 07:01:47 +0000 [MT] Entitlements for <IDEDistributionItem: 0x60000285dda0; bundleID='com.kaplan.ppi', path='<DVTFilePath:0x6000027ec230:'/Users/kaplan/Desktop/Github Actions/ktp.usurp.ios/ktp.usurp.ios/build/ppi.xcarchive/Products/Applications/ppi.app'>', codeSigningInfo='<_DVTCodeSigningInformation_Path: 0x600002cfa3a0; isSigned='1', isAdHocSigned='0', signingCertificate='<DVTSigningCertificate: 0x600003998000; name='Apple Development: Jagan Reddy (DG5VAR5Z34)', hash='1F70888A094EB8C75E2B73B456C18A51B46EDBAB', serialNumber='503BC2E812392D05902F10791B80AB66', certificateKinds='(
    "1.2.840.113635.100.6.1.12",
    "1.2.840.113635.100.6.1.2"
), issueDate='2024-05-20 13:43:11 +0000''>', entitlements='{
    "application-identifier" = "5A32MELP94.com.kaplan.ppi";
    "com.apple.developer.team-identifier" = F4E4V7ZGJJ;
    "get-task-allow" = 1;
}', teamID='F4E4V7ZGJJ', identifier='com.kaplan.ppi', executablePath='<DVTFilePath:0x6000027445b0:'/Users/kaplan/Desktop/Github Actions/ktp.usurp.ios/ktp.usurp.ios/build/ppi.xcarchive/Products/Applications/ppi.app/ppi'>', hardenedRuntime='0'>'>: {
    "application-identifier" = "5A32MELP94.com.kaplan.ppi";
    "beta-reports-active" = 1;
    "com.apple.developer.team-identifier" = F4E4V7ZGJJ;
    "get-task-allow" = 0;
}
2024-10-14 07:01:47 +0000 [MT] Associated App Clip Identifiers Filter: Skipping because "com.apple.developer.associated-appclip-app-identifiers" is not present
2024-10-14 07:01:47 +0000 [MT] Entitlements for <IDEDistributionItem: 0x60000285dda0; bundleID='com.kaplan.ppi', path='<DVTFilePath:0x6000027ec230:'/Users/kaplan/Desktop/Github Actions/ktp.usurp.ios/ktp.usurp.ios/build/ppi.xcarchive/Products/Applications/ppi.app'>', codeSigningInfo='<_DVTCodeSigningInformation_Path: 0x600002cfa3a0; isSigned='1', isAdHocSigned='0', signingCertificate='<DVTSigningCertificate: 0x6000039a8480; name='Apple Development: Jagan Reddy (DG5VAR5Z34)', hash='1F70888A094EB8C75E2B73B456C18A51B46EDBAB', serialNumber='503BC2E812392D05902F10791B80AB66', certificateKinds='(
    "1.2.840.113635.100.6.1.12",
    "1.2.840.113635.100.6.1.2"
), issueDate='2024-05-20 13:43:11 +0000''>', entitlements='{
    "application-identifier" = "5A32MELP94.com.kaplan.ppi";
    "com.apple.developer.team-identifier" = F4E4V7ZGJJ;
    "get-task-allow" = 1;
}', teamID='F4E4V7ZGJJ', identifier='com.kaplan.ppi', executablePath='<DVTFilePath:0x6000027445b0:'/Users/kaplan/Desktop/Github Actions/ktp.usurp.ios/ktp.usurp.ios/build/ppi.xcarchive/Products/Applications/ppi.app/ppi'>', hardenedRuntime='0'>'> are: {
    "application-identifier" = "5A32MELP94.com.kaplan.ppi";
    "beta-reports-active" = 1;
    "com.apple.developer.team-identifier" = F4E4V7ZGJJ;
    "get-task-allow" = 0;
}
2024-10-14 07:01:47 +0000 [MT] Writing entitlements for <IDEDistributionItem: 0x60000285dda0; bundleID='com.kaplan.ppi', path='<DVTFilePath:0x6000027ec230:'/Users/kaplan/Desktop/Github Actions/ktp.usurp.ios/ktp.usurp.ios/build/ppi.xcarchive/Products/Applications/ppi.app'>', codeSigningInfo='<_DVTCodeSigningInformation_Path: 0x600002cfa3a0; isSigned='1', isAdHocSigned='0', signingCertificate='<DVTSigningCertificate: 0x6000039a0fc0; name='Apple Development: Jagan Reddy (DG5VAR5Z34)', hash='1F70888A094EB8C75E2B73B456C18A51B46EDBAB', serialNumber='503BC2E812392D05902F10791B80AB66', certificateKinds='(
    "1.2.840.113635.100.6.1.12",
    "1.2.840.113635.100.6.1.2"
), issueDate='2024-05-20 13:43:11 +0000''>', entitlements='{
    "application-identifier" = "5A32MELP94.com.kaplan.ppi";
    "com.apple.developer.team-identifier" = F4E4V7ZGJJ;
    "get-task-allow" = 1;
}', teamID='F4E4V7ZGJJ', identifier='com.kaplan.ppi', executablePath='<DVTFilePath:0x6000027445b0:'/Users/kaplan/Desktop/Github Actions/ktp.usurp.ios/ktp.usurp.ios/build/ppi.xcarchive/Products/Applications/ppi.app/ppi'>', hardenedRuntime='0'>'> to: /var/folders/pw/f4rky8417rg0fysxv6gp7x700000gq/T/XcodeDistPipeline.~~~P0UxNL/entitlements~~~4fTaMm
2024-10-14 07:01:47 +0000 [MT] Running /usr/bin/codesign '-vvv' '--force' '--sign' '8A2DDE17587C8EE9D623420892594C6C4AEBB00B' '--entitlements' '/var/folders/pw/f4rky8417rg0fysxv6gp7x700000gq/T/XcodeDistPipeline.~~~P0UxNL/entitlements~~~4fTaMm' '--generate-entitlement-der' '--strip-disallowed-xattrs' '--preserve-metadata=identifier,flags,runtime' '/var/folders/pw/f4rky8417rg0fysxv6gp7x700000gq/T/XcodeDistPipeline.~~~P0UxNL/Root/Payload/ppi.app'
2024-10-14 07:01:47 +0000  /var/folders/pw/f4rky8417rg0fysxv6gp7x700000gq/T/XcodeDistPipeline.~~~P0UxNL/Root/Payload/ppi.app: replacing existing signature
2024-10-14 07:01:48 +0000  /var/folders/pw/f4rky8417rg0fysxv6gp7x700000gq/T/XcodeDistPipeline.~~~P0UxNL/Root/Payload/ppi.app: signed app bundle with Mach-O thin (arm64) [com.kaplan.ppi]
2024-10-14 07:01:48 +0000 [MT] /usr/bin/codesign exited with 0
2024-10-14 07:01:48 +0000 [MT] Processing step: IDEDistributionZipODRItemStep
2024-10-14 07:01:48 +0000 [MT] Skipping step: IDEDistributionZipODRItemStep because it said so
2024-10-14 07:01:48 +0000 [MT] Processing step: IDEDistributionCreateIPAStep
2024-10-14 07:01:48 +0000 [MT] Running /usr/bin/rsync '-8aPhhE' '/var/folders/pw/f4rky8417rg0fysxv6gp7x700000gq/T/XcodeDistPipeline.~~~P0UxNL/Symbols' '--link-dest' '/var/folders/pw/f4rky8417rg0fysxv6gp7x700000gq/T/XcodeDistPipeline.~~~P0UxNL' '/var/folders/pw/f4rky8417rg0fysxv6gp7x700000gq/T/XcodeDistPipeline.~~~P0UxNL/Root'
2024-10-14 07:01:48 +0000  building file list ... 
2024-10-14 07:01:48 +0000   0 files...2024-10-14 07:01:48 +0000  2 files to consider
2024-10-14 07:01:48 +0000  Symbols/
2024-10-14 07:01:48 +0000  
sent 143 bytes  received 26 bytes  338.00 bytes/sec
2024-10-14 07:01:48 +0000  total size is 14.87K  speedup is 90.11
2024-10-14 07:01:48 +0000 [MT] /usr/bin/rsync exited with 0
2024-10-14 07:01:48 +0000 [MT] Running /usr/bin/ditto '-V' '-c' '-k' '--norsrc' '/var/folders/pw/f4rky8417rg0fysxv6gp7x700000gq/T/XcodeDistPipeline.~~~P0UxNL/Root' '/var/folders/pw/f4rky8417rg0fysxv6gp7x700000gq/T/XcodeDistPipeline.~~~P0UxNL/Packages/ppi.ipa'
2024-10-14 07:01:48 +0000  >>> Copying /var/folders/pw/f4rky8417rg0fysxv6gp7x700000gq/T/XcodeDistPipeline.~~~P0UxNL/Root 
2024-10-14 07:01:48 +0000  copying file ./Payload/ppi.app/_CodeSignature/CodeResources ... 
2024-10-14 07:01:48 +0000  3895 bytes for ./Payload/ppi.app/_CodeSignature/CodeResources
2024-10-14 07:01:48 +0000  copying file ./Payload/ppi.app/Base.lproj/Main.storyboardc/UIViewController-BYZ-38-t0r.nib ... 
2024-10-14 07:01:48 +0000  954 bytes for ./Payload/ppi.app/Base.lproj/Main.storyboardc/UIViewController-BYZ-38-t0r.nib
2024-10-14 07:01:48 +0000  copying file ./Payload/ppi.app/Base.lproj/Main.storyboardc/BYZ-38-t0r-view-8bC-Xf-vdC.nib ... 
2024-10-14 07:01:48 +0000  1225 bytes for ./Payload/ppi.app/Base.lproj/Main.storyboardc/BYZ-38-t0r-view-8bC-Xf-vdC.nib
2024-10-14 07:01:48 +0000  copying file ./Payload/ppi.app/Base.lproj/Main.storyboardc/Info.plist ... 
2024-10-14 07:01:48 +0000  258 bytes for ./Payload/ppi.app/Base.lproj/Main.storyboardc/Info.plist
2024-10-14 07:01:48 +0000  copying file ./Payload/ppi.app/Base.lproj/LaunchScreen.storyboardc/01J-lp-oVM-view-Ze5-6b-2t3.nib ... 
2024-10-14 07:01:48 +0000  1225 bytes for ./Payload/ppi.app/Base.lproj/LaunchScreen.storyboardc/01J-lp-oVM-view-Ze5-6b-2t3.nib
2024-10-14 07:01:48 +0000  copying file ./Payload/ppi.app/Base.lproj/LaunchScreen.storyboardc/UIViewController-01J-lp-oVM.nib ... 
2024-10-14 07:01:48 +0000  924 bytes for ./Payload/ppi.app/Base.lproj/LaunchScreen.storyboardc/UIViewController-01J-lp-oVM.nib
2024-10-14 07:01:48 +0000  copying file ./Payload/ppi.app/Base.lproj/LaunchScreen.storyboardc/Info.plist ... 
2024-10-14 07:01:48 +0000  258 bytes for ./Payload/ppi.app/Base.lproj/LaunchScreen.storyboardc/Info.plist
copying file ./Payload/ppi.app/ppi ... 
2024-10-14 07:01:48 +0000  89616 bytes for ./Payload/ppi.app/ppi
2024-10-14 07:01:48 +0000  copying file ./Payload/ppi.app/embedded.mobileprovision ... 
2024-10-14 07:01:48 +0000  12139 bytes for ./Payload/ppi.app/embedded.mobileprovision
2024-10-14 07:01:48 +0000  copying file ./Payload/ppi.app/Info.plist ... 
2024-10-14 07:01:48 +0000  1451 bytes for ./Payload/ppi.app/Info.plist
2024-10-14 07:01:48 +0000  copying file ./Payload/ppi.app/PkgInfo ... 
2024-10-14 07:01:48 +0000  8 bytes for ./Payload/ppi.app/PkgInfo
2024-10-14 07:01:48 +0000  copying file ./Symbols/9466620B-1FD4-3C79-A362-655C2BDCE579.symbols ... 
2024-10-14 07:01:48 +0000  15228 bytes for ./Symbols/9466620B-1FD4-3C79-A362-655C2BDCE579.symbols
2024-10-14 07:01:48 +0000 [MT] /usr/bin/ditto exited with 0
2024-10-14 07:01:48 +0000 [MT] Processing step: IDEDistributionAppStoreInformationStep
2024-10-14 07:01:48 +0000 [MT] Skipping step: IDEDistributionAppStoreInformationStep because it said so
2024-10-14 07:01:48 +0000 [MT] Processing step: IDEDistributionGenerateProcessedDistributionItems
2024-10-14 07:01:48 +0000 [MT] IDEDistributionItem init <DVTFilePath:0x600002740a80:'/var/folders/pw/f4rky8417rg0fysxv6gp7x700000gq/T/XcodeDistPipeline.~~~P0UxNL/Root/Payload/ppi.app'>
2024-10-14 07:01:48 +0000 [MT] Processing step: IDEDistributionCreateManifestStep
2024-10-14 07:01:48 +0000 [MT] Skipping step: IDEDistributionCreateManifestStep because it said so
